# JRE version: OpenJDK Runtime Environment (8.0_242-b01) (build 1.8.0_242-release-1644-b01)
# Java VM: OpenJDK 64-Bit Server VM (25.242-b01 mixed mode windows-amd64 compressed oops)
Heap:
 PSYoungGen      total 118784K, used 101389K [0x00000000d5580000, 0x00000000df900000, 0x0000000100000000)
  eden space 73216K, 76% used [0x00000000d5580000,0x00000000d8c041b0,0x00000000d9d00000)
  from space 45568K, 99% used [0x00000000d9d00000,0x00000000dc97f260,0x00000000dc980000)
  to   space 39936K, 0% used [0x00000000dc980000,0x00000000dc980000,0x00000000df080000)
 ParOldGen       total 103424K, used 73672K [0x0000000080000000, 0x0000000086500000, 0x00000000d5580000)
  object space 103424K, 71% used [0x0000000080000000,0x00000000847f20f0,0x0000000086500000)
 Metaspace       used 98388K, capacity 103686K, committed 103884K, reserved 1138688K
  class space    used 13161K, capacity 14200K, committed 14324K, reserved 1048576K
GC Heap History (10 events):
Event: 536.752 GC heap before
{Heap before GC invocations=23 (full 3):
 PSYoungGen      total 118272K, used 114540K [0x00000000d5580000, 0x00000000dfd00000, 0x0000000100000000)
  eden space 84480K, 95% used [0x00000000d5580000,0x00000000da460af8,0x00000000da800000)
  from space 33792K, 99% used [0x00000000dab00000,0x00000000dcbfa650,0x00000000dcc00000)
  to   space 43520K, 0% used [0x00000000dd280000,0x00000000dd280000,0x00000000dfd00000)
 ParOldGen       total 72192K, used 58770K [0x0000000080000000, 0x0000000084680000, 0x00000000d5580000)
  object space 72192K, 81% used [0x0000000080000000,0x00000000839649a0,0x0000000084680000)
 Metaspace       used 93592K, capacity 98270K, committed 98380K, reserved 1134592K
  class space    used 12392K, capacity 13350K, committed 13428K, reserved 1048576K
Event: 536.787 GC heap after
Heap after GC invocations=23 (full 3):
 PSYoungGen      total 118784K, used 13309K [0x00000000d5580000, 0x00000000df700000, 0x0000000100000000)
  eden space 81408K, 0% used [0x00000000d5580000,0x00000000d5580000,0x00000000da500000)
  from space 37376K, 35% used [0x00000000dd280000,0x00000000ddf7f7a8,0x00000000df700000)
  to   space 41984K, 0% used [0x00000000da500000,0x00000000da500000,0x00000000dce00000)
 ParOldGen       total 72192K, used 69455K [0x0000000080000000, 0x0000000084680000, 0x00000000d5580000)
  object space 72192K, 96% used [0x0000000080000000,0x00000000843d3f90,0x0000000084680000)
 Metaspace       used 93592K, capacity 98270K, committed 98380K, reserved 1134592K
  class space    used 12392K, capacity 13350K, committed 13428K, reserved 1048576K
}
Event: 536.787 GC heap before
{Heap before GC invocations=24 (full 4):
 PSYoungGen      total 118784K, used 13309K [0x00000000d5580000, 0x00000000df700000, 0x0000000100000000)
  eden space 81408K, 0% used [0x00000000d5580000,0x00000000d5580000,0x00000000da500000)
  from space 37376K, 35% used [0x00000000dd280000,0x00000000ddf7f7a8,0x00000000df700000)
  to   space 41984K, 0% used [0x00000000da500000,0x00000000da500000,0x00000000dce00000)
 ParOldGen       total 72192K, used 69455K [0x0000000080000000, 0x0000000084680000, 0x00000000d5580000)
  object space 72192K, 96% used [0x0000000080000000,0x00000000843d3f90,0x0000000084680000)
 Metaspace       used 93592K, capacity 98270K, committed 98380K, reserved 1134592K
  class space    used 12392K, capacity 13350K, committed 13428K, reserved 1048576K
Event: 537.012 GC heap after
Heap after GC invocations=24 (full 4):
 PSYoungGen      total 118784K, used 0K [0x00000000d5580000, 0x00000000df700000, 0x0000000100000000)
  eden space 81408K, 0% used [0x00000000d5580000,0x00000000d5580000,0x00000000da500000)
  from space 37376K, 0% used [0x00000000dd280000,0x00000000dd280000,0x00000000df700000)
  to   space 41984K, 0% used [0x00000000da500000,0x00000000da500000,0x00000000dce00000)
 ParOldGen       total 103424K, used 58853K [0x0000000080000000, 0x0000000086500000, 0x00000000d5580000)
  object space 103424K, 56% used [0x0000000080000000,0x0000000083979760,0x0000000086500000)
 Metaspace       used 93470K, capacity 97898K, committed 98380K, reserved 1134592K
  class space    used 12354K, capacity 13262K, committed 13428K, reserved 1048576K
}
Event: 548.378 GC heap before
{Heap before GC invocations=25 (full 4):
 PSYoungGen      total 118784K, used 81408K [0x00000000d5580000, 0x00000000df700000, 0x0000000100000000)
  eden space 81408K, 100% used [0x00000000d5580000,0x00000000da500000,0x00000000da500000)
  from space 37376K, 0% used [0x00000000dd280000,0x00000000dd280000,0x00000000df700000)
  to   space 41984K, 0% used [0x00000000da500000,0x00000000da500000,0x00000000dce00000)
 ParOldGen       total 103424K, used 58853K [0x0000000080000000, 0x0000000086500000, 0x00000000d5580000)
  object space 103424K, 56% used [0x0000000080000000,0x0000000083979760,0x0000000086500000)
 Metaspace       used 94278K, capacity 98930K, committed 99276K, reserved 1134592K
  class space    used 12497K, capacity 13440K, committed 13556K, reserved 1048576K
Event: 548.391 GC heap after
Heap after GC invocations=25 (full 4):
 PSYoungGen      total 91648K, used 12640K [0x00000000d5580000, 0x00000000df080000, 0x0000000100000000)
  eden space 78848K, 0% used [0x00000000d5580000,0x00000000d5580000,0x00000000da280000)
  from space 12800K, 98% used [0x00000000da500000,0x00000000db1583e8,0x00000000db180000)
  to   space 39936K, 0% used [0x00000000dc980000,0x00000000dc980000,0x00000000df080000)
 ParOldGen       total 103424K, used 58861K [0x0000000080000000, 0x0000000086500000, 0x00000000d5580000)
  object space 103424K, 56% used [0x0000000080000000,0x000000008397b760,0x0000000086500000)
 Metaspace       used 94278K, capacity 98930K, committed 99276K, reserved 1134592K
  class space    used 12497K, capacity 13440K, committed 13556K, reserved 1048576K
}
Event: 552.958 GC heap before
{Heap before GC invocations=26 (full 4):
 PSYoungGen      total 91648K, used 91488K [0x00000000d5580000, 0x00000000df080000, 0x0000000100000000)
  eden space 78848K, 100% used [0x00000000d5580000,0x00000000da280000,0x00000000da280000)
  from space 12800K, 98% used [0x00000000da500000,0x00000000db1583e8,0x00000000db180000)
  to   space 39936K, 0% used [0x00000000dc980000,0x00000000dc980000,0x00000000df080000)
 ParOldGen       total 103424K, used 58861K [0x0000000080000000, 0x0000000086500000, 0x00000000d5580000)
  object space 103424K, 56% used [0x0000000080000000,0x000000008397b760,0x0000000086500000)
 Metaspace       used 96303K, capacity 101142K, committed 101452K, reserved 1136640K
  class space    used 12888K, capacity 13862K, committed 13940K, reserved 1048576K
Event: 553.004 GC heap after
Heap after GC invocations=26 (full 4):
 PSYoungGen      total 113152K, used 38106K [0x00000000d5580000, 0x00000000df900000, 0x0000000100000000)
  eden space 73216K, 0% used [0x00000000d5580000,0x00000000d5580000,0x00000000d9d00000)
  from space 39936K, 95% used [0x00000000dc980000,0x00000000deeb6910,0x00000000df080000)
  to   space 45568K, 0% used [0x00000000d9d00000,0x00000000d9d00000,0x00000000dc980000)
 ParOldGen       total 103424K, used 58869K [0x0000000080000000, 0x0000000086500000, 0x00000000d5580000)
  object space 103424K, 56% used [0x0000000080000000,0x000000008397d760,0x0000000086500000)
 Metaspace       used 96303K, capacity 101142K, committed 101452K, reserved 1136640K
  class space    used 12888K, capacity 13862K, committed 13940K, reserved 1048576K
}
Event: 556.032 GC heap before
{Heap before GC invocations=27 (full 4):
 PSYoungGen      total 113152K, used 111322K [0x00000000d5580000, 0x00000000df900000, 0x0000000100000000)
  eden space 73216K, 100% used [0x00000000d5580000,0x00000000d9d00000,0x00000000d9d00000)
  from space 39936K, 95% used [0x00000000dc980000,0x00000000deeb6910,0x00000000df080000)
  to   space 45568K, 0% used [0x00000000d9d00000,0x00000000d9d00000,0x00000000dc980000)
 ParOldGen       total 103424K, used 58869K [0x0000000080000000, 0x0000000086500000, 0x00000000d5580000)
  object space 103424K, 56% used [0x0000000080000000,0x000000008397d760,0x0000000086500000)
 Metaspace       used 97743K, capacity 102912K, committed 102988K, reserved 1138688K
  class space    used 13096K, capacity 14127K, committed 14196K, reserved 1048576K
Event: 556.075 GC heap after
Heap after GC invocations=27 (full 4):
 PSYoungGen      total 118784K, used 45564K [0x00000000d5580000, 0x00000000df900000, 0x0000000100000000)
  eden space 73216K, 0% used [0x00000000d5580000,0x00000000d5580000,0x00000000d9d00000)
  from space 45568K, 99% used [0x00000000d9d00000,0x00000000dc97f260,0x00000000dc980000)
  to   space 39936K, 0% used [0x00000000dc980000,0x00000000dc980000,0x00000000df080000)
 ParOldGen       total 103424K, used 73672K [0x0000000080000000, 0x0000000086500000, 0x00000000d5580000)
  object space 103424K, 71% used [0x0000000080000000,0x00000000847f20f0,0x0000000086500000)
 Metaspace       used 97743K, capacity 102912K, committed 102988K, reserved 1138688K
  class space    used 13096K, capacity 14127K, committed 14196K, reserved 1048576K
}

