# JRE version: OpenJDK Runtime Environment (8.0_242-b01) (build 1.8.0_242-release-1644-b01)
# Java VM: OpenJDK 64-Bit Server VM (25.242-b01 mixed mode windows-amd64 compressed oops)
Heap:
 PSYoungGen      total 246272K, used 26630K [0x00000000d5580000, 0x00000000e9480000, 0x0000000100000000)
  eden space 204800K, 0% used [0x00000000d5580000,0x00000000d5580000,0x00000000e1d80000)
  from space 41472K, 64% used [0x00000000e1d80000,0x00000000e3781930,0x00000000e4600000)
  to   space 45056K, 0% used [0x00000000e6880000,0x00000000e6880000,0x00000000e9480000)
 ParOldGen       total 158720K, used 72642K [0x0000000080000000, 0x0000000089b00000, 0x00000000d5580000)
  object space 158720K, 45% used [0x0000000080000000,0x00000000846f0ac0,0x0000000089b00000)
 Metaspace       used 120759K, capacity 126245K, committed 126680K, reserved 1169408K
  class space    used 15966K, capacity 17148K, committed 17152K, reserved 1048576K
GC Heap History (10 events):
Event: 157.422 GC heap after
Heap after GC invocations=19 (full 3):
 PSYoungGen      total 236544K, used 31738K [0x00000000d5580000, 0x00000000e7200000, 0x0000000100000000)
  eden space 204800K, 0% used [0x00000000d5580000,0x00000000d5580000,0x00000000e1d80000)
  from space 31744K, 99% used [0x00000000e4600000,0x00000000e64fea20,0x00000000e6500000)
  to   space 41472K, 0% used [0x00000000e1d80000,0x00000000e1d80000,0x00000000e4600000)
 ParOldGen       total 97792K, used 55487K [0x0000000080000000, 0x0000000085f80000, 0x00000000d5580000)
  object space 97792K, 56% used [0x0000000080000000,0x000000008362ff08,0x0000000085f80000)
 Metaspace       used 87769K, capacity 92770K, committed 92888K, reserved 1130496K
  class space    used 11783K, capacity 12764K, committed 12800K, reserved 1048576K
}
Event: 165.340 GC heap before
{Heap before GC invocations=20 (full 3):
 PSYoungGen      total 236544K, used 199054K [0x00000000d5580000, 0x00000000e7200000, 0x0000000100000000)
  eden space 204800K, 81% used [0x00000000d5580000,0x00000000df8e4fc0,0x00000000e1d80000)
  from space 31744K, 99% used [0x00000000e4600000,0x00000000e64fea20,0x00000000e6500000)
  to   space 41472K, 0% used [0x00000000e1d80000,0x00000000e1d80000,0x00000000e4600000)
 ParOldGen       total 97792K, used 55487K [0x0000000080000000, 0x0000000085f80000, 0x00000000d5580000)
  object space 97792K, 56% used [0x0000000080000000,0x000000008362ff08,0x0000000085f80000)
 Metaspace       used 92789K, capacity 98092K, committed 98280K, reserved 1134592K
  class space    used 12332K, capacity 13349K, committed 13440K, reserved 1048576K
Event: 165.398 GC heap after
Heap after GC invocations=20 (full 3):
 PSYoungGen      total 246272K, used 32230K [0x00000000d5580000, 0x00000000e9480000, 0x0000000100000000)
  eden space 204800K, 0% used [0x00000000d5580000,0x00000000d5580000,0x00000000e1d80000)
  from space 41472K, 77% used [0x00000000e1d80000,0x00000000e3cf99b8,0x00000000e4600000)
  to   space 45056K, 0% used [0x00000000e6880000,0x00000000e6880000,0x00000000e9480000)
 ParOldGen       total 97792K, used 73046K [0x0000000080000000, 0x0000000085f80000, 0x00000000d5580000)
  object space 97792K, 74% used [0x0000000080000000,0x0000000084755a70,0x0000000085f80000)
 Metaspace       used 92789K, capacity 98092K, committed 98280K, reserved 1134592K
  class space    used 12332K, capacity 13349K, committed 13440K, reserved 1048576K
}
Event: 165.399 GC heap before
{Heap before GC invocations=21 (full 4):
 PSYoungGen      total 246272K, used 32230K [0x00000000d5580000, 0x00000000e9480000, 0x0000000100000000)
  eden space 204800K, 0% used [0x00000000d5580000,0x00000000d5580000,0x00000000e1d80000)
  from space 41472K, 77% used [0x00000000e1d80000,0x00000000e3cf99b8,0x00000000e4600000)
  to   space 45056K, 0% used [0x00000000e6880000,0x00000000e6880000,0x00000000e9480000)
 ParOldGen       total 97792K, used 73046K [0x0000000080000000, 0x0000000085f80000, 0x00000000d5580000)
  object space 97792K, 74% used [0x0000000080000000,0x0000000084755a70,0x0000000085f80000)
 Metaspace       used 92789K, capacity 98092K, committed 98280K, reserved 1134592K
  class space    used 12332K, capacity 13349K, committed 13440K, reserved 1048576K
Event: 165.621 GC heap after
Heap after GC invocations=21 (full 4):
 PSYoungGen      total 246272K, used 0K [0x00000000d5580000, 0x00000000e9480000, 0x0000000100000000)
  eden space 204800K, 0% used [0x00000000d5580000,0x00000000d5580000,0x00000000e1d80000)
  from space 41472K, 0% used [0x00000000e1d80000,0x00000000e1d80000,0x00000000e4600000)
  to   space 45056K, 0% used [0x00000000e6880000,0x00000000e6880000,0x00000000e9480000)
 ParOldGen       total 158720K, used 72626K [0x0000000080000000, 0x0000000089b00000, 0x00000000d5580000)
  object space 158720K, 45% used [0x0000000080000000,0x00000000846ecac0,0x0000000089b00000)
 Metaspace       used 92410K, capacity 96986K, committed 98280K, reserved 1134592K
  class space    used 12209K, capacity 13134K, committed 13440K, reserved 1048576K
}
Event: 186.969 GC heap before
{Heap before GC invocations=22 (full 4):
 PSYoungGen      total 246272K, used 204800K [0x00000000d5580000, 0x00000000e9480000, 0x0000000100000000)
  eden space 204800K, 100% used [0x00000000d5580000,0x00000000e1d80000,0x00000000e1d80000)
  from space 41472K, 0% used [0x00000000e1d80000,0x00000000e1d80000,0x00000000e4600000)
  to   space 45056K, 0% used [0x00000000e6880000,0x00000000e6880000,0x00000000e9480000)
 ParOldGen       total 158720K, used 72626K [0x0000000080000000, 0x0000000089b00000, 0x00000000d5580000)
  object space 158720K, 45% used [0x0000000080000000,0x00000000846ecac0,0x0000000089b00000)
 Metaspace       used 111831K, capacity 117126K, committed 117720K, reserved 1150976K
  class space    used 14776K, capacity 15844K, committed 15872K, reserved 1048576K
Event: 187.021 GC heap after
Heap after GC invocations=22 (full 4):
 PSYoungGen      total 249856K, used 36536K [0x00000000d5580000, 0x00000000e9480000, 0x0000000100000000)
  eden space 204800K, 0% used [0x00000000d5580000,0x00000000d5580000,0x00000000e1d80000)
  from space 45056K, 81% used [0x00000000e6880000,0x00000000e8c2e3b8,0x00000000e9480000)
  to   space 41472K, 0% used [0x00000000e1d80000,0x00000000e1d80000,0x00000000e4600000)
 ParOldGen       total 158720K, used 72634K [0x0000000080000000, 0x0000000089b00000, 0x00000000d5580000)
  object space 158720K, 45% used [0x0000000080000000,0x00000000846eeac0,0x0000000089b00000)
 Metaspace       used 111831K, capacity 117126K, committed 117720K, reserved 1150976K
  class space    used 14776K, capacity 15844K, committed 15872K, reserved 1048576K
}
Event: 194.633 GC heap before
{Heap before GC invocations=23 (full 4):
 PSYoungGen      total 249856K, used 71086K [0x00000000d5580000, 0x00000000e9480000, 0x0000000100000000)
  eden space 204800K, 16% used [0x00000000d5580000,0x00000000d773d730,0x00000000e1d80000)
  from space 45056K, 81% used [0x00000000e6880000,0x00000000e8c2e3b8,0x00000000e9480000)
  to   space 41472K, 0% used [0x00000000e1d80000,0x00000000e1d80000,0x00000000e4600000)
 ParOldGen       total 158720K, used 72634K [0x0000000080000000, 0x0000000089b00000, 0x00000000d5580000)
  object space 158720K, 45% used [0x0000000080000000,0x00000000846eeac0,0x0000000089b00000)
 Metaspace       used 120759K, capacity 126245K, committed 126680K, reserved 1169408K
  class space    used 15966K, capacity 17148K, committed 17152K, reserved 1048576K
Event: 194.657 GC heap after
Heap after GC invocations=23 (full 4):
 PSYoungGen      total 246272K, used 26630K [0x00000000d5580000, 0x00000000e9480000, 0x0000000100000000)
  eden space 204800K, 0% used [0x00000000d5580000,0x00000000d5580000,0x00000000e1d80000)
  from space 41472K, 64% used [0x00000000e1d80000,0x00000000e3781930,0x00000000e4600000)
  to   space 45056K, 0% used [0x00000000e6880000,0x00000000e6880000,0x00000000e9480000)
 ParOldGen       total 158720K, used 72642K [0x0000000080000000, 0x0000000089b00000, 0x00000000d5580000)
  object space 158720K, 45% used [0x0000000080000000,0x00000000846f0ac0,0x0000000089b00000)
 Metaspace       used 120759K, capacity 126245K, committed 126680K, reserved 1169408K
  class space    used 15966K, capacity 17148K, committed 17152K, reserved 1048576K
}
Event: 194.657 GC heap before
{Heap before GC invocations=24 (full 5):
 PSYoungGen      total 246272K, used 26630K [0x00000000d5580000, 0x00000000e9480000, 0x0000000100000000)
  eden space 204800K, 0% used [0x00000000d5580000,0x00000000d5580000,0x00000000e1d80000)
  from space 41472K, 64% used [0x00000000e1d80000,0x00000000e3781930,0x00000000e4600000)
  to   space 45056K, 0% used [0x00000000e6880000,0x00000000e6880000,0x00000000e9480000)
 ParOldGen       total 158720K, used 72642K [0x0000000080000000, 0x0000000089b00000, 0x00000000d5580000)
  object space 158720K, 45% used [0x0000000080000000,0x00000000846f0ac0,0x0000000089b00000)
 Metaspace       used 120759K, capacity 126245K, committed 126680K, reserved 1169408K
  class space    used 15966K, capacity 17148K, committed 17152K, reserved 1048576K

