# JRE version: OpenJDK Runtime Environment (8.0_242-b01) (build 1.8.0_242-release-1644-b01)
# Java VM: OpenJDK 64-Bit Server VM (25.242-b01 mixed mode windows-amd64 compressed oops)
Heap:
 PSYoungGen      total 209408K, used 128680K [0x00000000d5580000, 0x00000000e5a80000, 0x0000000100000000)
  eden space 190464K, 57% used [0x00000000d5580000,0x00000000dc0ace60,0x00000000e0f80000)
  from space 18944K, 99% used [0x00000000e0f80000,0x00000000e21fd2b0,0x00000000e2200000)
  to   space 23040K, 0% used [0x00000000e4400000,0x00000000e4400000,0x00000000e5a80000)
 ParOldGen       total 83456K, used 39253K [0x0000000080000000, 0x0000000085180000, 0x00000000d5580000)
  object space 83456K, 47% used [0x0000000080000000,0x00000000826554e0,0x0000000085180000)
 Metaspace       used 73725K, capacity 77514K, committed 77592K, reserved 1116160K
  class space    used 10103K, capacity 10798K, committed 10800K, reserved 1048576K
GC Heap History (10 events):
Event: 44.165 GC heap before
{Heap before GC invocations=16 (full 2):
 PSYoungGen      total 121344K, used 119534K [0x00000000d5580000, 0x00000000e0080000, 0x0000000100000000)
  eden space 112128K, 100% used [0x00000000d5580000,0x00000000dc300000,0x00000000dc300000)
  from space 9216K, 80% used [0x00000000dc300000,0x00000000dca3bbd8,0x00000000dcc00000)
  to   space 10240K, 0% used [0x00000000df680000,0x00000000df680000,0x00000000e0080000)
 ParOldGen       total 48640K, used 14481K [0x0000000080000000, 0x0000000082f80000, 0x00000000d5580000)
  object space 48640K, 29% used [0x0000000080000000,0x0000000080e24740,0x0000000082f80000)
 Metaspace       used 48331K, capacity 50326K, committed 50472K, reserved 1093632K
  class space    used 6507K, capacity 6905K, committed 6960K, reserved 1048576K
Event: 44.181 GC heap after
Heap after GC invocations=16 (full 2):
 PSYoungGen      total 159744K, used 10228K [0x00000000d5580000, 0x00000000e0680000, 0x0000000100000000)
  eden space 149504K, 0% used [0x00000000d5580000,0x00000000d5580000,0x00000000de780000)
  from space 10240K, 99% used [0x00000000df680000,0x00000000e007d3d8,0x00000000e0080000)
  to   space 15360K, 0% used [0x00000000de780000,0x00000000de780000,0x00000000df680000)
 ParOldGen       total 48640K, used 24436K [0x0000000080000000, 0x0000000082f80000, 0x00000000d5580000)
  object space 48640K, 50% used [0x0000000080000000,0x00000000817dd0c0,0x0000000082f80000)
 Metaspace       used 48331K, capacity 50326K, committed 50472K, reserved 1093632K
  class space    used 6507K, capacity 6905K, committed 6960K, reserved 1048576K
}
Event: 57.553 GC heap before
{Heap before GC invocations=17 (full 2):
 PSYoungGen      total 159744K, used 113943K [0x00000000d5580000, 0x00000000e0680000, 0x0000000100000000)
  eden space 149504K, 69% used [0x00000000d5580000,0x00000000dbac8b40,0x00000000de780000)
  from space 10240K, 99% used [0x00000000df680000,0x00000000e007d3d8,0x00000000e0080000)
  to   space 15360K, 0% used [0x00000000de780000,0x00000000de780000,0x00000000df680000)
 ParOldGen       total 48640K, used 24436K [0x0000000080000000, 0x0000000082f80000, 0x00000000d5580000)
  object space 48640K, 50% used [0x0000000080000000,0x00000000817dd0c0,0x0000000082f80000)
 Metaspace       used 56700K, capacity 58994K, committed 59160K, reserved 1099776K
  class space    used 7684K, capacity 8132K, committed 8240K, reserved 1048576K
Event: 57.574 GC heap after
Heap after GC invocations=17 (full 2):
 PSYoungGen      total 164864K, used 12757K [0x00000000d5580000, 0x00000000e3600000, 0x0000000100000000)
  eden space 149504K, 0% used [0x00000000d5580000,0x00000000d5580000,0x00000000de780000)
  from space 15360K, 83% used [0x00000000de780000,0x00000000df3f54b0,0x00000000df680000)
  to   space 16896K, 0% used [0x00000000e2580000,0x00000000e2580000,0x00000000e3600000)
 ParOldGen       total 48640K, used 30619K [0x0000000080000000, 0x0000000082f80000, 0x00000000d5580000)
  object space 48640K, 62% used [0x0000000080000000,0x0000000081de6d40,0x0000000082f80000)
 Metaspace       used 56700K, capacity 58994K, committed 59160K, reserved 1099776K
  class space    used 7684K, capacity 8132K, committed 8240K, reserved 1048576K
}
Event: 57.574 GC heap before
{Heap before GC invocations=18 (full 3):
 PSYoungGen      total 164864K, used 12757K [0x00000000d5580000, 0x00000000e3600000, 0x0000000100000000)
  eden space 149504K, 0% used [0x00000000d5580000,0x00000000d5580000,0x00000000de780000)
  from space 15360K, 83% used [0x00000000de780000,0x00000000df3f54b0,0x00000000df680000)
  to   space 16896K, 0% used [0x00000000e2580000,0x00000000e2580000,0x00000000e3600000)
 ParOldGen       total 48640K, used 30619K [0x0000000080000000, 0x0000000082f80000, 0x00000000d5580000)
  object space 48640K, 62% used [0x0000000080000000,0x0000000081de6d40,0x0000000082f80000)
 Metaspace       used 56700K, capacity 58994K, committed 59160K, reserved 1099776K
  class space    used 7684K, capacity 8132K, committed 8240K, reserved 1048576K
Event: 57.833 GC heap after
Heap after GC invocations=18 (full 3):
 PSYoungGen      total 164864K, used 0K [0x00000000d5580000, 0x00000000e3600000, 0x0000000100000000)
  eden space 149504K, 0% used [0x00000000d5580000,0x00000000d5580000,0x00000000de780000)
  from space 15360K, 0% used [0x00000000de780000,0x00000000de780000,0x00000000df680000)
  to   space 16896K, 0% used [0x00000000e2580000,0x00000000e2580000,0x00000000e3600000)
 ParOldGen       total 83456K, used 35677K [0x0000000080000000, 0x0000000085180000, 0x00000000d5580000)
  object space 83456K, 42% used [0x0000000080000000,0x00000000822d76c8,0x0000000085180000)
 Metaspace       used 56658K, capacity 58850K, committed 59160K, reserved 1099776K
  class space    used 7671K, capacity 8108K, committed 8240K, reserved 1048576K
}
Event: 64.537 GC heap before
{Heap before GC invocations=19 (full 3):
 PSYoungGen      total 164864K, used 149504K [0x00000000d5580000, 0x00000000e3600000, 0x0000000100000000)
  eden space 149504K, 100% used [0x00000000d5580000,0x00000000de780000,0x00000000de780000)
  from space 15360K, 0% used [0x00000000de780000,0x00000000de780000,0x00000000df680000)
  to   space 16896K, 0% used [0x00000000e2580000,0x00000000e2580000,0x00000000e3600000)
 ParOldGen       total 83456K, used 35677K [0x0000000080000000, 0x0000000085180000, 0x00000000d5580000)
  object space 83456K, 42% used [0x0000000080000000,0x00000000822d76c8,0x0000000085180000)
 Metaspace       used 65618K, capacity 68854K, committed 69144K, reserved 1107968K
  class space    used 9086K, capacity 9680K, committed 9776K, reserved 1048576K
Event: 64.555 GC heap after
Heap after GC invocations=19 (full 3):
 PSYoungGen      total 204800K, used 15106K [0x00000000d5580000, 0x00000000e3480000, 0x0000000100000000)
  eden space 189440K, 0% used [0x00000000d5580000,0x00000000d5580000,0x00000000e0e80000)
  from space 15360K, 98% used [0x00000000e2580000,0x00000000e34409d8,0x00000000e3480000)
  to   space 18944K, 0% used [0x00000000e0f80000,0x00000000e0f80000,0x00000000e2200000)
 ParOldGen       total 83456K, used 35685K [0x0000000080000000, 0x0000000085180000, 0x00000000d5580000)
  object space 83456K, 42% used [0x0000000080000000,0x00000000822d96c8,0x0000000085180000)
 Metaspace       used 65618K, capacity 68854K, committed 69144K, reserved 1107968K
  class space    used 9086K, capacity 9680K, committed 9776K, reserved 1048576K
}
Event: 73.809 GC heap before
{Heap before GC invocations=20 (full 3):
 PSYoungGen      total 204800K, used 204546K [0x00000000d5580000, 0x00000000e3480000, 0x0000000100000000)
  eden space 189440K, 100% used [0x00000000d5580000,0x00000000e0e80000,0x00000000e0e80000)
  from space 15360K, 98% used [0x00000000e2580000,0x00000000e34409d8,0x00000000e3480000)
  to   space 18944K, 0% used [0x00000000e0f80000,0x00000000e0f80000,0x00000000e2200000)
 ParOldGen       total 83456K, used 35685K [0x0000000080000000, 0x0000000085180000, 0x00000000d5580000)
  object space 83456K, 42% used [0x0000000080000000,0x00000000822d96c8,0x0000000085180000)
 Metaspace       used 70855K, capacity 74298K, committed 74392K, reserved 1114112K
  class space    used 9712K, capacity 10336K, committed 10416K, reserved 1048576K
Event: 73.836 GC heap after
Heap after GC invocations=20 (full 3):
 PSYoungGen      total 209408K, used 18932K [0x00000000d5580000, 0x00000000e5a80000, 0x0000000100000000)
  eden space 190464K, 0% used [0x00000000d5580000,0x00000000d5580000,0x00000000e0f80000)
  from space 18944K, 99% used [0x00000000e0f80000,0x00000000e21fd2b0,0x00000000e2200000)
  to   space 23040K, 0% used [0x00000000e4400000,0x00000000e4400000,0x00000000e5a80000)
 ParOldGen       total 83456K, used 39253K [0x0000000080000000, 0x0000000085180000, 0x00000000d5580000)
  object space 83456K, 47% used [0x0000000080000000,0x00000000826554e0,0x0000000085180000)
 Metaspace       used 70855K, capacity 74298K, committed 74392K, reserved 1114112K
  class space    used 9712K, capacity 10336K, committed 10416K, reserved 1048576K
}

