# JRE version: OpenJDK Runtime Environment (8.0_242-b01) (build 1.8.0_242-release-1644-b01)
# Java VM: OpenJDK 64-Bit Server VM (25.242-b01 mixed mode windows-amd64 compressed oops)
Heap:
 PSYoungGen      total 631808K, used 563009K [0x00000000d5580000, 0x00000000ffa80000, 0x0000000100000000)
  eden space 575488K, 96% used [0x00000000d5580000,0x00000000f7546740,0x00000000f8780000)
  from space 56320K, 10% used [0x00000000fc380000,0x00000000fc989db0,0x00000000ffa80000)
  to   space 58880K, 0% used [0x00000000f8780000,0x00000000f8780000,0x00000000fc100000)
 ParOldGen       total 204288K, used 147318K [0x0000000080000000, 0x000000008c780000, 0x00000000d5580000)
  object space 204288K, 72% used [0x0000000080000000,0x0000000088fdd960,0x000000008c780000)
 Metaspace       used 113601K, capacity 119720K, committed 121536K, reserved 1155072K
  class space    used 14864K, capacity 16044K, committed 16640K, reserved 1048576K
GC Heap History (10 events):
Event: 705.295 GC heap before
{Heap before GC invocations=31 (full 5):
 PSYoungGen      total 366592K, used 307436K [0x00000000d5580000, 0x00000000f4600000, 0x0000000100000000)
  eden space 301568K, 100% used [0x00000000d5580000,0x00000000e7c00000,0x00000000e7c00000)
  from space 65024K, 9% used [0x00000000e7c00000,0x00000000e81bb130,0x00000000ebb80000)
  to   space 65536K, 0% used [0x00000000f0600000,0x00000000f0600000,0x00000000f4600000)
 ParOldGen       total 204288K, used 125122K [0x0000000080000000, 0x000000008c780000, 0x00000000d5580000)
  object space 204288K, 61% used [0x0000000080000000,0x0000000087a30b80,0x000000008c780000)
 Metaspace       used 113284K, capacity 119344K, committed 121280K, reserved 1155072K
  class space    used 14860K, capacity 16042K, committed 16640K, reserved 1048576K
Event: 705.311 GC heap after
Heap after GC invocations=31 (full 5):
 PSYoungGen      total 437760K, used 7360K [0x00000000d5580000, 0x00000000f4300000, 0x0000000100000000)
  eden space 375296K, 0% used [0x00000000d5580000,0x00000000d5580000,0x00000000ec400000)
  from space 62464K, 11% used [0x00000000f0600000,0x00000000f0d30000,0x00000000f4300000)
  to   space 65024K, 0% used [0x00000000ec400000,0x00000000ec400000,0x00000000f0380000)
 ParOldGen       total 204288K, used 125130K [0x0000000080000000, 0x000000008c780000, 0x00000000d5580000)
  object space 204288K, 61% used [0x0000000080000000,0x0000000087a32b80,0x000000008c780000)
 Metaspace       used 113284K, capacity 119344K, committed 121280K, reserved 1155072K
  class space    used 14860K, capacity 16042K, committed 16640K, reserved 1048576K
}
Event: 706.941 GC heap before
{Heap before GC invocations=32 (full 5):
 PSYoungGen      total 437760K, used 382656K [0x00000000d5580000, 0x00000000f4300000, 0x0000000100000000)
  eden space 375296K, 100% used [0x00000000d5580000,0x00000000ec400000,0x00000000ec400000)
  from space 62464K, 11% used [0x00000000f0600000,0x00000000f0d30000,0x00000000f4300000)
  to   space 65024K, 0% used [0x00000000ec400000,0x00000000ec400000,0x00000000f0380000)
 ParOldGen       total 204288K, used 125130K [0x0000000080000000, 0x000000008c780000, 0x00000000d5580000)
  object space 204288K, 61% used [0x0000000080000000,0x0000000087a32b80,0x000000008c780000)
 Metaspace       used 113372K, capacity 119500K, committed 121536K, reserved 1155072K
  class space    used 14863K, capacity 16042K, committed 16640K, reserved 1048576K
Event: 707.164 GC heap after
Heap after GC invocations=32 (full 5):
 PSYoungGen      total 440320K, used 7502K [0x00000000d5580000, 0x00000000fa200000, 0x0000000100000000)
  eden space 375296K, 0% used [0x00000000d5580000,0x00000000d5580000,0x00000000ec400000)
  from space 65024K, 11% used [0x00000000ec400000,0x00000000ecb538d8,0x00000000f0380000)
  to   space 64000K, 0% used [0x00000000f6380000,0x00000000f6380000,0x00000000fa200000)
 ParOldGen       total 204288K, used 131798K [0x0000000080000000, 0x000000008c780000, 0x00000000d5580000)
  object space 204288K, 64% used [0x0000000080000000,0x00000000880b5950,0x000000008c780000)
 Metaspace       used 113372K, capacity 119500K, committed 121536K, reserved 1155072K
  class space    used 14863K, capacity 16042K, committed 16640K, reserved 1048576K
}
Event: 709.304 GC heap before
{Heap before GC invocations=33 (full 5):
 PSYoungGen      total 440320K, used 382798K [0x00000000d5580000, 0x00000000fa200000, 0x0000000100000000)
  eden space 375296K, 100% used [0x00000000d5580000,0x00000000ec400000,0x00000000ec400000)
  from space 65024K, 11% used [0x00000000ec400000,0x00000000ecb538d8,0x00000000f0380000)
  to   space 64000K, 0% used [0x00000000f6380000,0x00000000f6380000,0x00000000fa200000)
 ParOldGen       total 204288K, used 131798K [0x0000000080000000, 0x000000008c780000, 0x00000000d5580000)
  object space 204288K, 64% used [0x0000000080000000,0x00000000880b5950,0x000000008c780000)
 Metaspace       used 113435K, capacity 119584K, committed 121536K, reserved 1155072K
  class space    used 14864K, capacity 16044K, committed 16640K, reserved 1048576K
Event: 709.345 GC heap after
Heap after GC invocations=33 (full 5):
 PSYoungGen      total 531456K, used 7411K [0x00000000d5580000, 0x00000000f9d80000, 0x0000000100000000)
  eden space 472064K, 0% used [0x00000000d5580000,0x00000000d5580000,0x00000000f2280000)
  from space 59392K, 12% used [0x00000000f6380000,0x00000000f6abce20,0x00000000f9d80000)
  to   space 62976K, 0% used [0x00000000f2280000,0x00000000f2280000,0x00000000f6000000)
 ParOldGen       total 204288K, used 135345K [0x0000000080000000, 0x000000008c780000, 0x00000000d5580000)
  object space 204288K, 66% used [0x0000000080000000,0x000000008842c410,0x000000008c780000)
 Metaspace       used 113435K, capacity 119584K, committed 121536K, reserved 1155072K
  class space    used 14864K, capacity 16044K, committed 16640K, reserved 1048576K
}
Event: 711.272 GC heap before
{Heap before GC invocations=34 (full 5):
 PSYoungGen      total 531456K, used 479475K [0x00000000d5580000, 0x00000000f9d80000, 0x0000000100000000)
  eden space 472064K, 100% used [0x00000000d5580000,0x00000000f2280000,0x00000000f2280000)
  from space 59392K, 12% used [0x00000000f6380000,0x00000000f6abce20,0x00000000f9d80000)
  to   space 62976K, 0% used [0x00000000f2280000,0x00000000f2280000,0x00000000f6000000)
 ParOldGen       total 204288K, used 135345K [0x0000000080000000, 0x000000008c780000, 0x00000000d5580000)
  object space 204288K, 66% used [0x0000000080000000,0x000000008842c410,0x000000008c780000)
 Metaspace       used 113478K, capacity 119592K, committed 121536K, reserved 1155072K
  class space    used 14864K, capacity 16044K, committed 16640K, reserved 1048576K
Event: 711.371 GC heap after
Heap after GC invocations=34 (full 5):
 PSYoungGen      total 535040K, used 10522K [0x00000000d5580000, 0x00000000ffe80000, 0x0000000100000000)
  eden space 472064K, 0% used [0x00000000d5580000,0x00000000d5580000,0x00000000f2280000)
  from space 62976K, 16% used [0x00000000f2280000,0x00000000f2cc6978,0x00000000f6000000)
  to   space 60416K, 0% used [0x00000000fc380000,0x00000000fc380000,0x00000000ffe80000)
 ParOldGen       total 204288K, used 140371K [0x0000000080000000, 0x000000008c780000, 0x00000000d5580000)
  object space 204288K, 68% used [0x0000000080000000,0x0000000088914f80,0x000000008c780000)
 Metaspace       used 113478K, capacity 119592K, committed 121536K, reserved 1155072K
  class space    used 14864K, capacity 16044K, committed 16640K, reserved 1048576K
}
Event: 713.920 GC heap before
{Heap before GC invocations=35 (full 5):
 PSYoungGen      total 535040K, used 482586K [0x00000000d5580000, 0x00000000ffe80000, 0x0000000100000000)
  eden space 472064K, 100% used [0x00000000d5580000,0x00000000f2280000,0x00000000f2280000)
  from space 62976K, 16% used [0x00000000f2280000,0x00000000f2cc6978,0x00000000f6000000)
  to   space 60416K, 0% used [0x00000000fc380000,0x00000000fc380000,0x00000000ffe80000)
 ParOldGen       total 204288K, used 140371K [0x0000000080000000, 0x000000008c780000, 0x00000000d5580000)
  object space 204288K, 68% used [0x0000000080000000,0x0000000088914f80,0x000000008c780000)
 Metaspace       used 113559K, capacity 119656K, committed 121536K, reserved 1155072K
  class space    used 14864K, capacity 16044K, committed 16640K, reserved 1048576K
Event: 713.959 GC heap after
Heap after GC invocations=35 (full 5):
 PSYoungGen      total 631808K, used 6183K [0x00000000d5580000, 0x00000000ffa80000, 0x0000000100000000)
  eden space 575488K, 0% used [0x00000000d5580000,0x00000000d5580000,0x00000000f8780000)
  from space 56320K, 10% used [0x00000000fc380000,0x00000000fc989db0,0x00000000ffa80000)
  to   space 58880K, 0% used [0x00000000f8780000,0x00000000f8780000,0x00000000fc100000)
 ParOldGen       total 204288K, used 147318K [0x0000000080000000, 0x000000008c780000, 0x00000000d5580000)
  object space 204288K, 72% used [0x0000000080000000,0x0000000088fdd960,0x000000008c780000)
 Metaspace       used 113559K, capacity 119656K, committed 121536K, reserved 1155072K
  class space    used 14864K, capacity 16044K, committed 16640K, reserved 1048576K
}

