# JRE version: OpenJDK Runtime Environment (8.0_242-b01) (build 1.8.0_242-release-1644-b01)
# Java VM: OpenJDK 64-Bit Server VM (25.242-b01 mixed mode windows-amd64 compressed oops)
Heap:
 PSYoungGen      total 471552K, used 161835K [0x00000000d5580000, 0x00000000f9f80000, 0x0000000100000000)
  eden space 355328K, 44% used [0x00000000d5580000,0x00000000dee857c0,0x00000000eb080000)
  from space 116224K, 4% used [0x00000000f1100000,0x00000000f1605800,0x00000000f8280000)
  to   space 98816K, 0% used [0x00000000eb080000,0x00000000eb080000,0x00000000f1100000)
 ParOldGen       total 234496K, used 162962K [0x0000000080000000, 0x000000008e500000, 0x00000000d5580000)
  object space 234496K, 69% used [0x0000000080000000,0x0000000089f24ae8,0x000000008e500000)
 Metaspace       used 120907K, capacity 128526K, committed 130904K, reserved 1163264K
  class space    used 15686K, capacity 17109K, committed 17792K, reserved 1048576K
GC Heap History (10 events):
Event: 1326.005 GC heap before
{Heap before GC invocations=45 (full 5):
 PSYoungGen      total 450560K, used 338244K [0x00000000d5580000, 0x00000000f8280000, 0x0000000100000000)
  eden space 330752K, 100% used [0x00000000d5580000,0x00000000e9880000,0x00000000e9880000)
  from space 119808K, 6% used [0x00000000e9880000,0x00000000e9fd1150,0x00000000f0d80000)
  to   space 116224K, 0% used [0x00000000f1100000,0x00000000f1100000,0x00000000f8280000)
 ParOldGen       total 234496K, used 133867K [0x0000000080000000, 0x000000008e500000, 0x00000000d5580000)
  object space 234496K, 57% used [0x0000000080000000,0x00000000882bad20,0x000000008e500000)
 Metaspace       used 120824K, capacity 128462K, committed 130904K, reserved 1163264K
  class space    used 15685K, capacity 17109K, committed 17792K, reserved 1048576K
Event: 1326.023 GC heap after
Heap after GC invocations=45 (full 5):
 PSYoungGen      total 446976K, used 6252K [0x00000000d5580000, 0x00000000f8280000, 0x0000000100000000)
  eden space 330752K, 0% used [0x00000000d5580000,0x00000000d5580000,0x00000000e9880000)
  from space 116224K, 5% used [0x00000000f1100000,0x00000000f171b3b8,0x00000000f8280000)
  to   space 119808K, 0% used [0x00000000e9880000,0x00000000e9880000,0x00000000f0d80000)
 ParOldGen       total 234496K, used 138486K [0x0000000080000000, 0x000000008e500000, 0x00000000d5580000)
  object space 234496K, 59% used [0x0000000080000000,0x000000008873db40,0x000000008e500000)
 Metaspace       used 120824K, capacity 128462K, committed 130904K, reserved 1163264K
  class space    used 15685K, capacity 17109K, committed 17792K, reserved 1048576K
}
Event: 1327.136 GC heap before
{Heap before GC invocations=46 (full 5):
 PSYoungGen      total 446976K, used 337004K [0x00000000d5580000, 0x00000000f8280000, 0x0000000100000000)
  eden space 330752K, 100% used [0x00000000d5580000,0x00000000e9880000,0x00000000e9880000)
  from space 116224K, 5% used [0x00000000f1100000,0x00000000f171b3b8,0x00000000f8280000)
  to   space 119808K, 0% used [0x00000000e9880000,0x00000000e9880000,0x00000000f0d80000)
 ParOldGen       total 234496K, used 138486K [0x0000000080000000, 0x000000008e500000, 0x00000000d5580000)
  object space 234496K, 59% used [0x0000000080000000,0x000000008873db40,0x000000008e500000)
 Metaspace       used 120841K, capacity 128462K, committed 130904K, reserved 1163264K
  class space    used 15685K, capacity 17109K, committed 17792K, reserved 1048576K
Event: 1327.173 GC heap after
Heap after GC invocations=46 (full 5):
 PSYoungGen      total 450560K, used 9289K [0x00000000d5580000, 0x00000000f8280000, 0x0000000100000000)
  eden space 330752K, 0% used [0x00000000d5580000,0x00000000d5580000,0x00000000e9880000)
  from space 119808K, 7% used [0x00000000e9880000,0x00000000ea192768,0x00000000f0d80000)
  to   space 116224K, 0% used [0x00000000f1100000,0x00000000f1100000,0x00000000f8280000)
 ParOldGen       total 234496K, used 143508K [0x0000000080000000, 0x000000008e500000, 0x00000000d5580000)
  object space 234496K, 61% used [0x0000000080000000,0x0000000088c251e0,0x000000008e500000)
 Metaspace       used 120841K, capacity 128462K, committed 130904K, reserved 1163264K
  class space    used 15685K, capacity 17109K, committed 17792K, reserved 1048576K
}
Event: 1328.552 GC heap before
{Heap before GC invocations=47 (full 5):
 PSYoungGen      total 450560K, used 340041K [0x00000000d5580000, 0x00000000f8280000, 0x0000000100000000)
  eden space 330752K, 100% used [0x00000000d5580000,0x00000000e9880000,0x00000000e9880000)
  from space 119808K, 7% used [0x00000000e9880000,0x00000000ea192768,0x00000000f0d80000)
  to   space 116224K, 0% used [0x00000000f1100000,0x00000000f1100000,0x00000000f8280000)
 ParOldGen       total 234496K, used 143508K [0x0000000080000000, 0x000000008e500000, 0x00000000d5580000)
  object space 234496K, 61% used [0x0000000080000000,0x0000000088c251e0,0x000000008e500000)
 Metaspace       used 120863K, capacity 128462K, committed 130904K, reserved 1163264K
  class space    used 15685K, capacity 17109K, committed 17792K, reserved 1048576K
Event: 1328.590 GC heap after
Heap after GC invocations=47 (full 5):
 PSYoungGen      total 464384K, used 9828K [0x00000000d5580000, 0x00000000f9c80000, 0x0000000100000000)
  eden space 348160K, 0% used [0x00000000d5580000,0x00000000d5580000,0x00000000ea980000)
  from space 116224K, 8% used [0x00000000f1100000,0x00000000f1a991a0,0x00000000f8280000)
  to   space 105984K, 0% used [0x00000000ea980000,0x00000000ea980000,0x00000000f1100000)
 ParOldGen       total 234496K, used 150966K [0x0000000080000000, 0x000000008e500000, 0x00000000d5580000)
  object space 234496K, 64% used [0x0000000080000000,0x000000008936d818,0x000000008e500000)
 Metaspace       used 120863K, capacity 128462K, committed 130904K, reserved 1163264K
  class space    used 15685K, capacity 17109K, committed 17792K, reserved 1048576K
}
Event: 1329.948 GC heap before
{Heap before GC invocations=48 (full 5):
 PSYoungGen      total 464384K, used 357988K [0x00000000d5580000, 0x00000000f9c80000, 0x0000000100000000)
  eden space 348160K, 100% used [0x00000000d5580000,0x00000000ea980000,0x00000000ea980000)
  from space 116224K, 8% used [0x00000000f1100000,0x00000000f1a991a0,0x00000000f8280000)
  to   space 105984K, 0% used [0x00000000ea980000,0x00000000ea980000,0x00000000f1100000)
 ParOldGen       total 234496K, used 150966K [0x0000000080000000, 0x000000008e500000, 0x00000000d5580000)
  object space 234496K, 64% used [0x0000000080000000,0x000000008936d818,0x000000008e500000)
 Metaspace       used 120875K, capacity 128462K, committed 130904K, reserved 1163264K
  class space    used 15685K, capacity 17109K, committed 17792K, reserved 1048576K
Event: 1329.990 GC heap after
Heap after GC invocations=48 (full 5):
 PSYoungGen      total 454144K, used 3904K [0x00000000d5580000, 0x00000000f9c80000, 0x0000000100000000)
  eden space 348160K, 0% used [0x00000000d5580000,0x00000000d5580000,0x00000000ea980000)
  from space 105984K, 3% used [0x00000000ea980000,0x00000000ead50000,0x00000000f1100000)
  to   space 116224K, 0% used [0x00000000f1100000,0x00000000f1100000,0x00000000f8280000)
 ParOldGen       total 234496K, used 159909K [0x0000000080000000, 0x000000008e500000, 0x00000000d5580000)
  object space 234496K, 68% used [0x0000000080000000,0x0000000089c29760,0x000000008e500000)
 Metaspace       used 120875K, capacity 128462K, committed 130904K, reserved 1163264K
  class space    used 15685K, capacity 17109K, committed 17792K, reserved 1048576K
}
Event: 1331.491 GC heap before
{Heap before GC invocations=49 (full 5):
 PSYoungGen      total 454144K, used 352064K [0x00000000d5580000, 0x00000000f9c80000, 0x0000000100000000)
  eden space 348160K, 100% used [0x00000000d5580000,0x00000000ea980000,0x00000000ea980000)
  from space 105984K, 3% used [0x00000000ea980000,0x00000000ead50000,0x00000000f1100000)
  to   space 116224K, 0% used [0x00000000f1100000,0x00000000f1100000,0x00000000f8280000)
 ParOldGen       total 234496K, used 159909K [0x0000000080000000, 0x000000008e500000, 0x00000000d5580000)
  object space 234496K, 68% used [0x0000000080000000,0x0000000089c29760,0x000000008e500000)
 Metaspace       used 120907K, capacity 128526K, committed 130904K, reserved 1163264K
  class space    used 15686K, capacity 17109K, committed 17792K, reserved 1048576K
Event: 1331.517 GC heap after
Heap after GC invocations=49 (full 5):
 PSYoungGen      total 471552K, used 5142K [0x00000000d5580000, 0x00000000f9f80000, 0x0000000100000000)
  eden space 355328K, 0% used [0x00000000d5580000,0x00000000d5580000,0x00000000eb080000)
  from space 116224K, 4% used [0x00000000f1100000,0x00000000f1605800,0x00000000f8280000)
  to   space 98816K, 0% used [0x00000000eb080000,0x00000000eb080000,0x00000000f1100000)
 ParOldGen       total 234496K, used 162962K [0x0000000080000000, 0x000000008e500000, 0x00000000d5580000)
  object space 234496K, 69% used [0x0000000080000000,0x0000000089f24ae8,0x000000008e500000)
 Metaspace       used 120907K, capacity 128526K, committed 130904K, reserved 1163264K
  class space    used 15686K, capacity 17109K, committed 17792K, reserved 1048576K
}

