# JRE version: OpenJDK Runtime Environment (8.0_242-b01) (build 1.8.0_242-release-1644-b01)
# Java VM: OpenJDK 64-Bit Server VM (25.242-b01 mixed mode windows-amd64 compressed oops)
Heap:
 PSYoungGen      total 234496K, used 123582K [0x00000000d5580000, 0x00000000e6b00000, 0x0000000100000000)
  eden space 184832K, 56% used [0x00000000d5580000,0x00000000dbb302c0,0x00000000e0a00000)
  from space 49664K, 39% used [0x00000000e3a80000,0x00000000e4d7f628,0x00000000e6b00000)
  to   space 49664K, 0% used [0x00000000e0a00000,0x00000000e0a00000,0x00000000e3a80000)
 ParOldGen       total 236032K, used 105131K [0x0000000080000000, 0x000000008e680000, 0x00000000d5580000)
  object space 236032K, 44% used [0x0000000080000000,0x00000000866aaf40,0x000000008e680000)
 Metaspace       used 148804K, capacity 154425K, committed 154520K, reserved 1183744K
  class space    used 19215K, capacity 20314K, committed 20384K, reserved 1048576K
GC Heap History (10 events):
Event: 111.066 GC heap before
{Heap before GC invocations=25 (full 4):
 PSYoungGen      total 204288K, used 179200K [0x00000000d5580000, 0x00000000e3980000, 0x0000000100000000)
  eden space 179200K, 100% used [0x00000000d5580000,0x00000000e0480000,0x00000000e0480000)
  from space 25088K, 0% used [0x00000000e2100000,0x00000000e2100000,0x00000000e3980000)
  to   space 27136K, 0% used [0x00000000e0480000,0x00000000e0480000,0x00000000e1f00000)
 ParOldGen       total 160768K, used 70516K [0x0000000080000000, 0x0000000089d00000, 0x00000000d5580000)
  object space 160768K, 43% used [0x0000000080000000,0x00000000844dd260,0x0000000089d00000)
 Metaspace       used 120317K, capacity 124857K, committed 125208K, reserved 1157120K
  class space    used 15958K, capacity 16896K, committed 16928K, reserved 1048576K
Event: 111.099 GC heap after
Heap after GC invocations=25 (full 4):
 PSYoungGen      total 206336K, used 27109K [0x00000000d5580000, 0x00000000e5880000, 0x0000000100000000)
  eden space 179200K, 0% used [0x00000000d5580000,0x00000000d5580000,0x00000000e0480000)
  from space 27136K, 99% used [0x00000000e0480000,0x00000000e1ef9638,0x00000000e1f00000)
  to   space 37888K, 0% used [0x00000000e3380000,0x00000000e3380000,0x00000000e5880000)
 ParOldGen       total 160768K, used 87744K [0x0000000080000000, 0x0000000089d00000, 0x00000000d5580000)
  object space 160768K, 54% used [0x0000000080000000,0x00000000855b0258,0x0000000089d00000)
 Metaspace       used 120317K, capacity 124857K, committed 125208K, reserved 1157120K
  class space    used 15958K, capacity 16896K, committed 16928K, reserved 1048576K
}
Event: 130.322 GC heap before
{Heap before GC invocations=26 (full 4):
 PSYoungGen      total 206336K, used 206309K [0x00000000d5580000, 0x00000000e5880000, 0x0000000100000000)
  eden space 179200K, 100% used [0x00000000d5580000,0x00000000e0480000,0x00000000e0480000)
  from space 27136K, 99% used [0x00000000e0480000,0x00000000e1ef9638,0x00000000e1f00000)
  to   space 37888K, 0% used [0x00000000e3380000,0x00000000e3380000,0x00000000e5880000)
 ParOldGen       total 160768K, used 87744K [0x0000000080000000, 0x0000000089d00000, 0x00000000d5580000)
  object space 160768K, 54% used [0x0000000080000000,0x00000000855b0258,0x0000000089d00000)
 Metaspace       used 134606K, capacity 139327K, committed 139800K, reserved 1171456K
  class space    used 17755K, capacity 18713K, committed 18720K, reserved 1048576K
Event: 130.398 GC heap after
Heap after GC invocations=26 (full 4):
 PSYoungGen      total 210432K, used 37869K [0x00000000d5580000, 0x00000000e7980000, 0x0000000100000000)
  eden space 172544K, 0% used [0x00000000d5580000,0x00000000d5580000,0x00000000dfe00000)
  from space 37888K, 99% used [0x00000000e3380000,0x00000000e587b4d0,0x00000000e5880000)
  to   space 54784K, 0% used [0x00000000dfe00000,0x00000000dfe00000,0x00000000e3380000)
 ParOldGen       total 160768K, used 115873K [0x0000000080000000, 0x0000000089d00000, 0x00000000d5580000)
  object space 160768K, 72% used [0x0000000080000000,0x00000000871284b8,0x0000000089d00000)
 Metaspace       used 134606K, capacity 139327K, committed 139800K, reserved 1171456K
  class space    used 17755K, capacity 18713K, committed 18720K, reserved 1048576K
}
Event: 143.536 GC heap before
{Heap before GC invocations=27 (full 4):
 PSYoungGen      total 210432K, used 210413K [0x00000000d5580000, 0x00000000e7980000, 0x0000000100000000)
  eden space 172544K, 100% used [0x00000000d5580000,0x00000000dfe00000,0x00000000dfe00000)
  from space 37888K, 99% used [0x00000000e3380000,0x00000000e587b4d0,0x00000000e5880000)
  to   space 54784K, 0% used [0x00000000dfe00000,0x00000000dfe00000,0x00000000e3380000)
 ParOldGen       total 160768K, used 115873K [0x0000000080000000, 0x0000000089d00000, 0x00000000d5580000)
  object space 160768K, 72% used [0x0000000080000000,0x00000000871284b8,0x0000000089d00000)
 Metaspace       used 145715K, capacity 150607K, committed 150808K, reserved 1179648K
  class space    used 18760K, capacity 19741K, committed 19744K, reserved 1048576K
Event: 143.572 GC heap after
Heap after GC invocations=27 (full 4):
 PSYoungGen      total 227328K, used 23794K [0x00000000d5580000, 0x00000000e6e00000, 0x0000000100000000)
  eden space 172544K, 0% used [0x00000000d5580000,0x00000000d5580000,0x00000000dfe00000)
  from space 54784K, 43% used [0x00000000dfe00000,0x00000000e153c9f8,0x00000000e3380000)
  to   space 52736K, 0% used [0x00000000e3a80000,0x00000000e3a80000,0x00000000e6e00000)
 ParOldGen       total 160768K, used 144486K [0x0000000080000000, 0x0000000089d00000, 0x00000000d5580000)
  object space 160768K, 89% used [0x0000000080000000,0x0000000088d19be0,0x0000000089d00000)
 Metaspace       used 145715K, capacity 150607K, committed 150808K, reserved 1179648K
  class space    used 18760K, capacity 19741K, committed 19744K, reserved 1048576K
}
Event: 143.573 GC heap before
{Heap before GC invocations=28 (full 5):
 PSYoungGen      total 227328K, used 23794K [0x00000000d5580000, 0x00000000e6e00000, 0x0000000100000000)
  eden space 172544K, 0% used [0x00000000d5580000,0x00000000d5580000,0x00000000dfe00000)
  from space 54784K, 43% used [0x00000000dfe00000,0x00000000e153c9f8,0x00000000e3380000)
  to   space 52736K, 0% used [0x00000000e3a80000,0x00000000e3a80000,0x00000000e6e00000)
 ParOldGen       total 160768K, used 144486K [0x0000000080000000, 0x0000000089d00000, 0x00000000d5580000)
  object space 160768K, 89% used [0x0000000080000000,0x0000000088d19be0,0x0000000089d00000)
 Metaspace       used 145715K, capacity 150607K, committed 150808K, reserved 1179648K
  class space    used 18760K, capacity 19741K, committed 19744K, reserved 1048576K
Event: 143.782 GC heap after
Heap after GC invocations=28 (full 5):
 PSYoungGen      total 227328K, used 0K [0x00000000d5580000, 0x00000000e6e00000, 0x0000000100000000)
  eden space 172544K, 0% used [0x00000000d5580000,0x00000000d5580000,0x00000000dfe00000)
  from space 54784K, 0% used [0x00000000dfe00000,0x00000000dfe00000,0x00000000e3380000)
  to   space 52736K, 0% used [0x00000000e3a80000,0x00000000e3a80000,0x00000000e6e00000)
 ParOldGen       total 236032K, used 105123K [0x0000000080000000, 0x000000008e680000, 0x00000000d5580000)
  object space 236032K, 44% used [0x0000000080000000,0x00000000866a8f40,0x000000008e680000)
 Metaspace       used 145715K, capacity 150607K, committed 150808K, reserved 1179648K
  class space    used 18760K, capacity 19741K, committed 19744K, reserved 1048576K
}
Event: 145.887 GC heap before
{Heap before GC invocations=29 (full 5):
 PSYoungGen      total 227328K, used 172544K [0x00000000d5580000, 0x00000000e6e00000, 0x0000000100000000)
  eden space 172544K, 100% used [0x00000000d5580000,0x00000000dfe00000,0x00000000dfe00000)
  from space 54784K, 0% used [0x00000000dfe00000,0x00000000dfe00000,0x00000000e3380000)
  to   space 52736K, 0% used [0x00000000e3a80000,0x00000000e3a80000,0x00000000e6e00000)
 ParOldGen       total 236032K, used 105123K [0x0000000080000000, 0x000000008e680000, 0x00000000d5580000)
  object space 236032K, 44% used [0x0000000080000000,0x00000000866a8f40,0x000000008e680000)
 Metaspace       used 147526K, capacity 152775K, committed 152984K, reserved 1181696K
  class space    used 19026K, capacity 20081K, committed 20128K, reserved 1048576K
Event: 145.902 GC heap after
Heap after GC invocations=29 (full 5):
 PSYoungGen      total 234496K, used 19453K [0x00000000d5580000, 0x00000000e6b00000, 0x0000000100000000)
  eden space 184832K, 0% used [0x00000000d5580000,0x00000000d5580000,0x00000000e0a00000)
  from space 49664K, 39% used [0x00000000e3a80000,0x00000000e4d7f628,0x00000000e6b00000)
  to   space 49664K, 0% used [0x00000000e0a00000,0x00000000e0a00000,0x00000000e3a80000)
 ParOldGen       total 236032K, used 105131K [0x0000000080000000, 0x000000008e680000, 0x00000000d5580000)
  object space 236032K, 44% used [0x0000000080000000,0x00000000866aaf40,0x000000008e680000)
 Metaspace       used 147526K, capacity 152775K, committed 152984K, reserved 1181696K
  class space    used 19026K, capacity 20081K, committed 20128K, reserved 1048576K
}

