# JRE version: OpenJDK Runtime Environment (8.0_242-b01) (build 1.8.0_242-release-1644-b01)
# Java VM: OpenJDK 64-Bit Server VM (25.242-b01 mixed mode windows-amd64 compressed oops)
Heap:
 PSYoungGen      total 658944K, used 432903K [0x00000000d5580000, 0x0000000100000000, 0x0000000100000000)
  eden space 623104K, 63% used [0x00000000d5580000,0x00000000ed944f40,0x00000000fb600000)
  from space 35840K, 99% used [0x00000000fb600000,0x00000000fd8fceb0,0x00000000fd900000)
  to   space 39936K, 0% used [0x00000000fd900000,0x00000000fd900000,0x0000000100000000)
 ParOldGen       total 166912K, used 135812K [0x0000000080000000, 0x000000008a300000, 0x00000000d5580000)
  object space 166912K, 81% used [0x0000000080000000,0x00000000884a11a0,0x000000008a300000)
 Metaspace       used 93002K, capacity 98036K, committed 98328K, reserved 1134592K
  class space    used 12347K, capacity 13223K, committed 13352K, reserved 1048576K
GC Heap History (10 events):
Event: 51.376 GC heap before
{Heap before GC invocations=24 (full 4):
 PSYoungGen      total 542208K, used 508322K [0x00000000d5580000, 0x00000000ffb00000, 0x0000000100000000)
  eden space 500224K, 100% used [0x00000000d5580000,0x00000000f3e00000,0x00000000f3e00000)
  from space 41984K, 19% used [0x00000000f3e00000,0x00000000f45e8858,0x00000000f6700000)
  to   space 39936K, 0% used [0x00000000fd400000,0x00000000fd400000,0x00000000ffb00000)
 ParOldGen       total 142848K, used 121263K [0x0000000080000000, 0x0000000088b80000, 0x00000000d5580000)
  object space 142848K, 84% used [0x0000000080000000,0x000000008766be38,0x0000000088b80000)
 Metaspace       used 84168K, capacity 89082K, committed 89240K, reserved 1126400K
  class space    used 11542K, capacity 12448K, committed 12456K, reserved 1048576K
Event: 51.410 GC heap after
Heap after GC invocations=24 (full 4):
 PSYoungGen      total 654336K, used 5372K [0x00000000d5580000, 0x00000000ffa00000, 0x0000000100000000)
  eden space 615424K, 0% used [0x00000000d5580000,0x00000000d5580000,0x00000000fae80000)
  from space 38912K, 13% used [0x00000000fd400000,0x00000000fd93f3d0,0x00000000ffa00000)
  to   space 38400K, 0% used [0x00000000fae80000,0x00000000fae80000,0x00000000fd400000)
 ParOldGen       total 142848K, used 127830K [0x0000000080000000, 0x0000000088b80000, 0x00000000d5580000)
  object space 142848K, 89% used [0x0000000080000000,0x0000000087cd5b10,0x0000000088b80000)
 Metaspace       used 84168K, capacity 89082K, committed 89240K, reserved 1126400K
  class space    used 11542K, capacity 12448K, committed 12456K, reserved 1048576K
}
Event: 51.410 GC heap before
{Heap before GC invocations=25 (full 5):
 PSYoungGen      total 654336K, used 5372K [0x00000000d5580000, 0x00000000ffa00000, 0x0000000100000000)
  eden space 615424K, 0% used [0x00000000d5580000,0x00000000d5580000,0x00000000fae80000)
  from space 38912K, 13% used [0x00000000fd400000,0x00000000fd93f3d0,0x00000000ffa00000)
  to   space 38400K, 0% used [0x00000000fae80000,0x00000000fae80000,0x00000000fd400000)
 ParOldGen       total 142848K, used 127830K [0x0000000080000000, 0x0000000088b80000, 0x00000000d5580000)
  object space 142848K, 89% used [0x0000000080000000,0x0000000087cd5b10,0x0000000088b80000)
 Metaspace       used 84168K, capacity 89082K, committed 89240K, reserved 1126400K
  class space    used 11542K, capacity 12448K, committed 12456K, reserved 1048576K
Event: 51.806 GC heap after
Heap after GC invocations=25 (full 5):
 PSYoungGen      total 654336K, used 0K [0x00000000d5580000, 0x00000000ffa00000, 0x0000000100000000)
  eden space 615424K, 0% used [0x00000000d5580000,0x00000000d5580000,0x00000000fae80000)
  from space 38912K, 0% used [0x00000000fd400000,0x00000000fd400000,0x00000000ffa00000)
  to   space 38400K, 0% used [0x00000000fae80000,0x00000000fae80000,0x00000000fd400000)
 ParOldGen       total 166912K, used 91971K [0x0000000080000000, 0x000000008a300000, 0x00000000d5580000)
  object space 166912K, 55% used [0x0000000080000000,0x00000000859d0fc8,0x000000008a300000)
 Metaspace       used 83677K, capacity 87980K, committed 89240K, reserved 1126400K
  class space    used 11363K, capacity 12127K, committed 12456K, reserved 1048576K
}
Event: 54.589 GC heap before
{Heap before GC invocations=26 (full 5):
 PSYoungGen      total 654336K, used 615424K [0x00000000d5580000, 0x00000000ffa00000, 0x0000000100000000)
  eden space 615424K, 100% used [0x00000000d5580000,0x00000000fae80000,0x00000000fae80000)
  from space 38912K, 0% used [0x00000000fd400000,0x00000000fd400000,0x00000000ffa00000)
  to   space 38400K, 0% used [0x00000000fae80000,0x00000000fae80000,0x00000000fd400000)
 ParOldGen       total 166912K, used 91971K [0x0000000080000000, 0x000000008a300000, 0x00000000d5580000)
  object space 166912K, 55% used [0x0000000080000000,0x00000000859d0fc8,0x000000008a300000)
 Metaspace       used 83759K, capacity 88024K, committed 89240K, reserved 1126400K
  class space    used 11366K, capacity 12131K, committed 12456K, reserved 1048576K
Event: 54.637 GC heap after
Heap after GC invocations=26 (full 5):
 PSYoungGen      total 653824K, used 15793K [0x00000000d5580000, 0x00000000ffd80000, 0x0000000100000000)
  eden space 615424K, 0% used [0x00000000d5580000,0x00000000d5580000,0x00000000fae80000)
  from space 38400K, 41% used [0x00000000fae80000,0x00000000fbdec738,0x00000000fd400000)
  to   space 37376K, 0% used [0x00000000fd900000,0x00000000fd900000,0x00000000ffd80000)
 ParOldGen       total 166912K, used 91979K [0x0000000080000000, 0x000000008a300000, 0x00000000d5580000)
  object space 166912K, 55% used [0x0000000080000000,0x00000000859d2fc8,0x000000008a300000)
 Metaspace       used 83759K, capacity 88024K, committed 89240K, reserved 1126400K
  class space    used 11366K, capacity 12131K, committed 12456K, reserved 1048576K
}
Event: 58.389 GC heap before
{Heap before GC invocations=27 (full 5):
 PSYoungGen      total 653824K, used 631217K [0x00000000d5580000, 0x00000000ffd80000, 0x0000000100000000)
  eden space 615424K, 100% used [0x00000000d5580000,0x00000000fae80000,0x00000000fae80000)
  from space 38400K, 41% used [0x00000000fae80000,0x00000000fbdec738,0x00000000fd400000)
  to   space 37376K, 0% used [0x00000000fd900000,0x00000000fd900000,0x00000000ffd80000)
 ParOldGen       total 166912K, used 91979K [0x0000000080000000, 0x000000008a300000, 0x00000000d5580000)
  object space 166912K, 55% used [0x0000000080000000,0x00000000859d2fc8,0x000000008a300000)
 Metaspace       used 83804K, capacity 88104K, committed 89240K, reserved 1126400K
  class space    used 11366K, capacity 12131K, committed 12456K, reserved 1048576K
Event: 58.418 GC heap after
Heap after GC invocations=27 (full 5):
 PSYoungGen      total 658944K, used 6559K [0x00000000d5580000, 0x00000000ffc00000, 0x0000000100000000)
  eden space 623104K, 0% used [0x00000000d5580000,0x00000000d5580000,0x00000000fb600000)
  from space 35840K, 18% used [0x00000000fd900000,0x00000000fdf67e48,0x00000000ffc00000)
  to   space 35840K, 0% used [0x00000000fb600000,0x00000000fb600000,0x00000000fd900000)
 ParOldGen       total 166912K, used 99488K [0x0000000080000000, 0x000000008a300000, 0x00000000d5580000)
  object space 166912K, 59% used [0x0000000080000000,0x0000000086128278,0x000000008a300000)
 Metaspace       used 83804K, capacity 88104K, committed 89240K, reserved 1126400K
  class space    used 11366K, capacity 12131K, committed 12456K, reserved 1048576K
}
Event: 64.082 GC heap before
{Heap before GC invocations=28 (full 5):
 PSYoungGen      total 658944K, used 629663K [0x00000000d5580000, 0x00000000ffc00000, 0x0000000100000000)
  eden space 623104K, 100% used [0x00000000d5580000,0x00000000fb600000,0x00000000fb600000)
  from space 35840K, 18% used [0x00000000fd900000,0x00000000fdf67e48,0x00000000ffc00000)
  to   space 35840K, 0% used [0x00000000fb600000,0x00000000fb600000,0x00000000fd900000)
 ParOldGen       total 166912K, used 99488K [0x0000000080000000, 0x000000008a300000, 0x00000000d5580000)
  object space 166912K, 59% used [0x0000000080000000,0x0000000086128278,0x000000008a300000)
 Metaspace       used 84575K, capacity 88976K, committed 90136K, reserved 1126400K
  class space    used 11440K, capacity 12201K, committed 12584K, reserved 1048576K
Event: 64.214 GC heap after
Heap after GC invocations=28 (full 5):
 PSYoungGen      total 658944K, used 35827K [0x00000000d5580000, 0x0000000100000000, 0x0000000100000000)
  eden space 623104K, 0% used [0x00000000d5580000,0x00000000d5580000,0x00000000fb600000)
  from space 35840K, 99% used [0x00000000fb600000,0x00000000fd8fceb0,0x00000000fd900000)
  to   space 39936K, 0% used [0x00000000fd900000,0x00000000fd900000,0x0000000100000000)
 ParOldGen       total 166912K, used 135812K [0x0000000080000000, 0x000000008a300000, 0x00000000d5580000)
  object space 166912K, 81% used [0x0000000080000000,0x00000000884a11a0,0x000000008a300000)
 Metaspace       used 84575K, capacity 88976K, committed 90136K, reserved 1126400K
  class space    used 11440K, capacity 12201K, committed 12584K, reserved 1048576K
}

