# JRE version: OpenJDK Runtime Environment (8.0_242-b01) (build 1.8.0_242-release-1644-b01)
# Java VM: OpenJDK 64-Bit Server VM (25.242-b01 mixed mode windows-amd64 compressed oops)
Heap:
 PSYoungGen      total 188928K, used 170000K [0x00000000d5580000, 0x00000000e4580000, 0x0000000100000000)
  eden space 147968K, 98% used [0x00000000d5580000,0x00000000de46a520,0x00000000de600000)
  from space 40960K, 57% used [0x00000000de600000,0x00000000dfd19ba8,0x00000000e0e00000)
  to   space 40960K, 0% used [0x00000000e1d80000,0x00000000e1d80000,0x00000000e4580000)
 ParOldGen       total 109056K, used 77343K [0x0000000080000000, 0x0000000086a80000, 0x00000000d5580000)
  object space 109056K, 70% used [0x0000000080000000,0x0000000084b87f68,0x0000000086a80000)
 Metaspace       used 107538K, capacity 114050K, committed 114136K, reserved 1148928K
  class space    used 13955K, capacity 15245K, committed 15320K, reserved 1048576K
GC Heap History (10 events):
Event: 2072.138 GC heap before
{Heap before GC invocations=67 (full 5):
 PSYoungGen      total 158720K, used 144591K [0x00000000d5580000, 0x00000000e2700000, 0x0000000100000000)
  eden space 118784K, 100% used [0x00000000d5580000,0x00000000dc980000,0x00000000dc980000)
  from space 39936K, 64% used [0x00000000dc980000,0x00000000de2b3d08,0x00000000df080000)
  to   space 40448K, 0% used [0x00000000dff80000,0x00000000dff80000,0x00000000e2700000)
 ParOldGen       total 109056K, used 74989K [0x0000000080000000, 0x0000000086a80000, 0x00000000d5580000)
  object space 109056K, 68% used [0x0000000080000000,0x000000008493b490,0x0000000086a80000)
 Metaspace       used 103715K, capacity 110216K, committed 110424K, reserved 1144832K
  class space    used 13537K, capacity 14816K, committed 14936K, reserved 1048576K
Event: 2072.222 GC heap after
Heap after GC invocations=67 (full 5):
 PSYoungGen      total 172544K, used 27908K [0x00000000d5580000, 0x00000000e2b00000, 0x0000000100000000)
  eden space 132096K, 0% used [0x00000000d5580000,0x00000000d5580000,0x00000000dd680000)
  from space 40448K, 68% used [0x00000000dff80000,0x00000000e1ac1238,0x00000000e2700000)
  to   space 41984K, 0% used [0x00000000dd680000,0x00000000dd680000,0x00000000dff80000)
 ParOldGen       total 109056K, used 92917K [0x0000000080000000, 0x0000000086a80000, 0x00000000d5580000)
  object space 109056K, 85% used [0x0000000080000000,0x0000000085abd540,0x0000000086a80000)
 Metaspace       used 103715K, capacity 110216K, committed 110424K, reserved 1144832K
  class space    used 13537K, capacity 14816K, committed 14936K, reserved 1048576K
}
Event: 2079.787 GC heap before
{Heap before GC invocations=68 (full 5):
 PSYoungGen      total 172544K, used 160004K [0x00000000d5580000, 0x00000000e2b00000, 0x0000000100000000)
  eden space 132096K, 100% used [0x00000000d5580000,0x00000000dd680000,0x00000000dd680000)
  from space 40448K, 68% used [0x00000000dff80000,0x00000000e1ac1238,0x00000000e2700000)
  to   space 41984K, 0% used [0x00000000dd680000,0x00000000dd680000,0x00000000dff80000)
 ParOldGen       total 109056K, used 92917K [0x0000000080000000, 0x0000000086a80000, 0x00000000d5580000)
  object space 109056K, 85% used [0x0000000080000000,0x0000000085abd540,0x0000000086a80000)
 Metaspace       used 103935K, capacity 110548K, committed 110680K, reserved 1144832K
  class space    used 13565K, capacity 14858K, committed 14936K, reserved 1048576K
Event: 2079.798 GC heap after
Heap after GC invocations=68 (full 5):
 PSYoungGen      total 174080K, used 8464K [0x00000000d5580000, 0x00000000e3700000, 0x0000000100000000)
  eden space 132096K, 0% used [0x00000000d5580000,0x00000000d5580000,0x00000000dd680000)
  from space 41984K, 20% used [0x00000000dd680000,0x00000000ddec40d0,0x00000000dff80000)
  to   space 41472K, 0% used [0x00000000e0e80000,0x00000000e0e80000,0x00000000e3700000)
 ParOldGen       total 109056K, used 99932K [0x0000000080000000, 0x0000000086a80000, 0x00000000d5580000)
  object space 109056K, 91% used [0x0000000080000000,0x00000000861973d0,0x0000000086a80000)
 Metaspace       used 103935K, capacity 110548K, committed 110680K, reserved 1144832K
  class space    used 13565K, capacity 14858K, committed 14936K, reserved 1048576K
}
Event: 2079.798 GC heap before
{Heap before GC invocations=69 (full 6):
 PSYoungGen      total 174080K, used 8464K [0x00000000d5580000, 0x00000000e3700000, 0x0000000100000000)
  eden space 132096K, 0% used [0x00000000d5580000,0x00000000d5580000,0x00000000dd680000)
  from space 41984K, 20% used [0x00000000dd680000,0x00000000ddec40d0,0x00000000dff80000)
  to   space 41472K, 0% used [0x00000000e0e80000,0x00000000e0e80000,0x00000000e3700000)
 ParOldGen       total 109056K, used 99932K [0x0000000080000000, 0x0000000086a80000, 0x00000000d5580000)
  object space 109056K, 91% used [0x0000000080000000,0x00000000861973d0,0x0000000086a80000)
 Metaspace       used 103935K, capacity 110548K, committed 110680K, reserved 1144832K
  class space    used 13565K, capacity 14858K, committed 14936K, reserved 1048576K
Event: 2080.166 GC heap after
Heap after GC invocations=69 (full 6):
 PSYoungGen      total 174080K, used 0K [0x00000000d5580000, 0x00000000e3700000, 0x0000000100000000)
  eden space 132096K, 0% used [0x00000000d5580000,0x00000000d5580000,0x00000000dd680000)
  from space 41984K, 0% used [0x00000000dd680000,0x00000000dd680000,0x00000000dff80000)
  to   space 41472K, 0% used [0x00000000e0e80000,0x00000000e0e80000,0x00000000e3700000)
 ParOldGen       total 109056K, used 70594K [0x0000000080000000, 0x0000000086a80000, 0x00000000d5580000)
  object space 109056K, 64% used [0x0000000080000000,0x00000000844f0840,0x0000000086a80000)
 Metaspace       used 103737K, capacity 110112K, committed 110680K, reserved 1144832K
  class space    used 13510K, capacity 14749K, committed 14936K, reserved 1048576K
}
Event: 2157.407 GC heap before
{Heap before GC invocations=70 (full 6):
 PSYoungGen      total 174080K, used 132096K [0x00000000d5580000, 0x00000000e3700000, 0x0000000100000000)
  eden space 132096K, 100% used [0x00000000d5580000,0x00000000dd680000,0x00000000dd680000)
  from space 41984K, 0% used [0x00000000dd680000,0x00000000dd680000,0x00000000dff80000)
  to   space 41472K, 0% used [0x00000000e0e80000,0x00000000e0e80000,0x00000000e3700000)
 ParOldGen       total 109056K, used 70594K [0x0000000080000000, 0x0000000086a80000, 0x00000000d5580000)
  object space 109056K, 64% used [0x0000000080000000,0x00000000844f0840,0x0000000086a80000)
 Metaspace       used 103957K, capacity 110298K, committed 110680K, reserved 1144832K
  class space    used 13524K, capacity 14768K, committed 14936K, reserved 1048576K
Event: 2157.417 GC heap after
Heap after GC invocations=70 (full 6):
 PSYoungGen      total 188416K, used 7840K [0x00000000d5580000, 0x00000000e3600000, 0x0000000100000000)
  eden space 147968K, 0% used [0x00000000d5580000,0x00000000d5580000,0x00000000de600000)
  from space 40448K, 19% used [0x00000000e0e80000,0x00000000e1628030,0x00000000e3600000)
  to   space 40960K, 0% used [0x00000000de600000,0x00000000de600000,0x00000000e0e00000)
 ParOldGen       total 109056K, used 70602K [0x0000000080000000, 0x0000000086a80000, 0x00000000d5580000)
  object space 109056K, 64% used [0x0000000080000000,0x00000000844f2840,0x0000000086a80000)
 Metaspace       used 103957K, capacity 110298K, committed 110680K, reserved 1144832K
  class space    used 13524K, capacity 14768K, committed 14936K, reserved 1048576K
}
Event: 2175.859 GC heap before
{Heap before GC invocations=71 (full 6):
 PSYoungGen      total 188416K, used 155808K [0x00000000d5580000, 0x00000000e3600000, 0x0000000100000000)
  eden space 147968K, 100% used [0x00000000d5580000,0x00000000de600000,0x00000000de600000)
  from space 40448K, 19% used [0x00000000e0e80000,0x00000000e1628030,0x00000000e3600000)
  to   space 40960K, 0% used [0x00000000de600000,0x00000000de600000,0x00000000e0e00000)
 ParOldGen       total 109056K, used 70602K [0x0000000080000000, 0x0000000086a80000, 0x00000000d5580000)
  object space 109056K, 64% used [0x0000000080000000,0x00000000844f2840,0x0000000086a80000)
 Metaspace       used 107393K, capacity 113844K, committed 114136K, reserved 1148928K
  class space    used 13949K, capacity 15234K, committed 15320K, reserved 1048576K
Event: 2175.881 GC heap after
Heap after GC invocations=71 (full 6):
 PSYoungGen      total 188928K, used 23654K [0x00000000d5580000, 0x00000000e4580000, 0x0000000100000000)
  eden space 147968K, 0% used [0x00000000d5580000,0x00000000d5580000,0x00000000de600000)
  from space 40960K, 57% used [0x00000000de600000,0x00000000dfd19ba8,0x00000000e0e00000)
  to   space 40960K, 0% used [0x00000000e1d80000,0x00000000e1d80000,0x00000000e4580000)
 ParOldGen       total 109056K, used 77343K [0x0000000080000000, 0x0000000086a80000, 0x00000000d5580000)
  object space 109056K, 70% used [0x0000000080000000,0x0000000084b87f68,0x0000000086a80000)
 Metaspace       used 107393K, capacity 113844K, committed 114136K, reserved 1148928K
  class space    used 13949K, capacity 15234K, committed 15320K, reserved 1048576K
}

